Midtest_NotePad/app/build/intermediates/manifest_merge_blame_file/debug/manifest-merger-blame-debug-report.txt
1<?xml version="1.0" encoding="utf-8"?>
2<!--
3 Copyright (C) 2007 The Android Open Source Project
4
5     Licensed under the Apache License, Version 2.0 (the "License");
6     you may not use this file except in compliance with the License.
7     You may obtain a copy of the License at
8
9          http://www.apache.org/licenses/LICENSE-2.0
10
11     Unless required by applicable law or agreed to in writing, software
12     distributed under the License is distributed on an "AS IS" BASIS,
13     WITHOUT WARRANTIES OR CONDITIONS OF ANY KIND, either express or implied.
14     See the License for the specific language governing permissions and
15     limitations under the License.
16-->
17<!--
18 Declare the contents of this Android application.  The namespace
19     attribute brings in the Android platform namespace, and the package
20     supplies a unique name for the application.  When writing your
21     own application, the package name must be changed from "com.example.*"
22     to come from a domain that you own or have control over.
23-->
24<manifest xmlns:android="http://schemas.android.com/apk/res/android"
25    package="com.example.android.notepad" >
26
27    <uses-sdk
28        android:minSdkVersion="11"
28-->src\main\AndroidManifest.xml
29        android:targetSdkVersion="11" />
29-->src\main\AndroidManifest.xml
30
31    <application
31-->src\main\AndroidManifest.xml:26:5-121:19
32        android:debuggable="true"
33        android:icon="@drawable/app_notes"
33-->src\main\AndroidManifest.xml:26:18-52
34        android:label="@string/app_name" >
34-->src\main\AndroidManifest.xml:27:9-41
35        <provider
35-->src\main\AndroidManifest.xml:29:9-33:20
36            android:name="com.example.android.notepad.NotePadProvider"
36-->src\main\AndroidManifest.xml:29:19-49
37            android:authorities="com.google.provider.NotePad"
37-->src\main\AndroidManifest.xml:30:13-62
38            android:exported="false" >
38-->src\main\AndroidManifest.xml:31:13-37
39            <grant-uri-permission android:pathPattern=".*" />
39-->src\main\AndroidManifest.xml:32:13-62
39-->src\main\AndroidManifest.xml:32:35-59
40        </provider>
41
42        <activity
42-->src\main\AndroidManifest.xml:35:9-52:20
43            android:name="com.example.android.notepad.NotesList"
43-->src\main\AndroidManifest.xml:35:19-43
44            android:label="@string/title_notes_list" >
44-->src\main\AndroidManifest.xml:35:44-84
45            <intent-filter>
45-->src\main\AndroidManifest.xml:36:13-39:29
46                <action android:name="android.intent.action.MAIN" />
46-->src\main\AndroidManifest.xml:37:17-69
46-->src\main\AndroidManifest.xml:37:25-66
47
48                <category android:name="android.intent.category.LAUNCHER" />
48-->src\main\AndroidManifest.xml:38:17-77
48-->src\main\AndroidManifest.xml:38:27-74
49            </intent-filter>
50            <intent-filter>
50-->src\main\AndroidManifest.xml:40:13-46:29
51                <action android:name="android.intent.action.VIEW" />
51-->src\main\AndroidManifest.xml:41:17-69
51-->src\main\AndroidManifest.xml:41:25-66
52                <action android:name="android.intent.action.EDIT" />
52-->src\main\AndroidManifest.xml:42:17-69
52-->src\main\AndroidManifest.xml:42:25-66
53                <action android:name="android.intent.action.PICK" />
53-->src\main\AndroidManifest.xml:43:17-69
53-->src\main\AndroidManifest.xml:43:25-66
54
55                <category android:name="android.intent.category.DEFAULT" />
55-->src\main\AndroidManifest.xml:44:17-76
55-->src\main\AndroidManifest.xml:44:27-73
56
57                <data android:mimeType="vnd.android.cursor.dir/vnd.google.note" />
57-->src\main\AndroidManifest.xml:45:17-83
57-->src\main\AndroidManifest.xml:45:23-80
58            </intent-filter>
59            <intent-filter>
59-->src\main\AndroidManifest.xml:47:13-51:29
60                <action android:name="android.intent.action.GET_CONTENT" />
60-->src\main\AndroidManifest.xml:48:17-76
60-->src\main\AndroidManifest.xml:48:25-73
61
62                <category android:name="android.intent.category.DEFAULT" />
62-->src\main\AndroidManifest.xml:44:17-76
62-->src\main\AndroidManifest.xml:44:27-73
63
64                <data android:mimeType="vnd.android.cursor.item/vnd.google.note" />
64-->src\main\AndroidManifest.xml:45:17-83
64-->src\main\AndroidManifest.xml:45:23-80
65            </intent-filter>
66        </activity>
67        <activity
67-->src\main\AndroidManifest.xml:54:9-80:20
68            android:name="com.example.android.notepad.NoteEditor"
68-->src\main\AndroidManifest.xml:54:19-44
69            android:configChanges="keyboardHidden|orientation"
69-->src\main\AndroidManifest.xml:57:13-63
70            android:screenOrientation="sensor"
70-->src\main\AndroidManifest.xml:56:13-47
71            android:theme="@android:style/Theme.Holo.Light" >
71-->src\main\AndroidManifest.xml:55:13-60
72
73            <!--
74                 This filter says that we can view or edit the data of
75                 a single note
76            -->
77            <intent-filter android:label="@string/resolve_edit" >
77-->src\main\AndroidManifest.xml:61:13-67:29
77-->src\main\AndroidManifest.xml:61:28-64
78                <action android:name="android.intent.action.VIEW" />
78-->src\main\AndroidManifest.xml:41:17-69
78-->src\main\AndroidManifest.xml:41:25-66
79                <action android:name="android.intent.action.EDIT" />
79-->src\main\AndroidManifest.xml:42:17-69
79-->src\main\AndroidManifest.xml:42:25-66
80                <action android:name="com.android.notepad.action.EDIT_NOTE" />
80-->src\main\AndroidManifest.xml:64:17-79
80-->src\main\AndroidManifest.xml:64:25-76
81
82                <category android:name="android.intent.category.DEFAULT" />
82-->src\main\AndroidManifest.xml:44:17-76
82-->src\main\AndroidManifest.xml:44:27-73
83
84                <data android:mimeType="vnd.android.cursor.item/vnd.google.note" />
84-->src\main\AndroidManifest.xml:45:17-83
84-->src\main\AndroidManifest.xml:45:23-80
85            </intent-filter>
86
87            <!--
88                 This filter says that we can create a new note inside
89                 of a directory of notes.  The INSERT action creates an
90                 empty note; the PASTE action initializes a new note from
91                 the current contents of the clipboard.
92            -->
93            <intent-filter>
93-->src\main\AndroidManifest.xml:73:13-78:29
94                <action android:name="android.intent.action.INSERT" />
94-->src\main\AndroidManifest.xml:74:17-71
94-->src\main\AndroidManifest.xml:74:25-68
95                <action android:name="android.intent.action.PASTE" />
95-->src\main\AndroidManifest.xml:75:17-70
95-->src\main\AndroidManifest.xml:75:25-67
96
97                <category android:name="android.intent.category.DEFAULT" />
97-->src\main\AndroidManifest.xml:44:17-76
97-->src\main\AndroidManifest.xml:44:27-73
98
99                <data android:mimeType="vnd.android.cursor.dir/vnd.google.note" />
99-->src\main\AndroidManifest.xml:45:17-83
99-->src\main\AndroidManifest.xml:45:23-80
100            </intent-filter>
101        </activity>
102        <activity
102-->src\main\AndroidManifest.xml:82:9-107:20
103            android:name="com.example.android.notepad.TitleEditor"
103-->src\main\AndroidManifest.xml:82:19-45
104            android:icon="@drawable/ic_menu_edit"
104-->src\main\AndroidManifest.xml:84:13-50
105            android:label="@string/title_edit_title"
105-->src\main\AndroidManifest.xml:83:13-53
106            android:theme="@android:style/Theme.Holo.Dialog"
106-->src\main\AndroidManifest.xml:85:13-61
107            android:windowSoftInputMode="stateVisible" >
107-->src\main\AndroidManifest.xml:86:13-55
108
109            <!--
110                 This activity implements an alternative action that can be
111                 performed on notes: editing their title.  It can be used as
112                 a default operation if the user invokes this action, and is
113                 available as an alternative action for any note data.
114            -->
115            <intent-filter android:label="@string/resolve_title" >
115-->src\main\AndroidManifest.xml:91:13-106:29
115-->src\main\AndroidManifest.xml:91:28-65
116
117                <!--
118                     This is the action we perform.  It is a custom action we
119                     define for our application, not a generic VIEW or EDIT
120                     action since we are not a general note viewer/editor.
121                -->
122                <action android:name="com.android.notepad.action.EDIT_TITLE" />
122-->src\main\AndroidManifest.xml:95:17-80
122-->src\main\AndroidManifest.xml:95:25-77
123                <!-- DEFAULT: execute if being directly invoked. -->
124                <category android:name="android.intent.category.DEFAULT" />
124-->src\main\AndroidManifest.xml:44:17-76
124-->src\main\AndroidManifest.xml:44:27-73
125                <!--
126                     ALTERNATIVE: show as an alternative action when the user is
127                     working with this type of data.
128                -->
129                <category android:name="android.intent.category.ALTERNATIVE" />
129-->src\main\AndroidManifest.xml:100:17-80
129-->src\main\AndroidManifest.xml:100:27-77
130                <!--
131                     SELECTED_ALTERNATIVE: show as an alternative action the user
132                     can perform when selecting this type of data.
133                -->
134                <category android:name="android.intent.category.SELECTED_ALTERNATIVE" />
134-->src\main\AndroidManifest.xml:103:17-89
134-->src\main\AndroidManifest.xml:103:27-86
135                <!-- This is the data type we operate on. -->
136                <data android:mimeType="vnd.android.cursor.item/vnd.google.note" />
136-->src\main\AndroidManifest.xml:45:17-83
136-->src\main\AndroidManifest.xml:45:23-80
137            </intent-filter>
138        </activity>
139        <activity
139-->src\main\AndroidManifest.xml:109:9-115:20
140            android:name="com.example.android.notepad.NotesLiveFolder"
140-->src\main\AndroidManifest.xml:109:19-49
141            android:icon="@drawable/live_folder_notes"
141-->src\main\AndroidManifest.xml:110:13-55
142            android:label="@string/live_folder_name" >
142-->src\main\AndroidManifest.xml:109:50-90
143            <intent-filter>
143-->src\main\AndroidManifest.xml:111:13-114:29
144                <action android:name="android.intent.action.CREATE_LIVE_FOLDER" />
144-->src\main\AndroidManifest.xml:112:17-83
144-->src\main\AndroidManifest.xml:112:25-80
145
146                <category android:name="android.intent.category.DEFAULT" />
146-->src\main\AndroidManifest.xml:44:17-76
146-->src\main\AndroidManifest.xml:44:27-73
147            </intent-filter>
148        </activity>
149        <!-- 添加搜索activity -->
150        <activity
150-->src\main\AndroidManifest.xml:117:9-120:20
151            android:name="com.example.android.notepad.NoteSearch"
151-->src\main\AndroidManifest.xml:118:13-38
152            android:label="Search" >
152-->src\main\AndroidManifest.xml:119:13-35
153        </activity>
154    </application>
155
156</manifest>